<?xml version="1.0" encoding="UTF-8"?>
<!-- Generated by org.testng.reporters.JUnitReportReporter -->
<testsuite skipped="0" hostname="beffb207e965" name="com.newtours.BookFlightTest" tests="5" failures="0" timestamp="22 Nov 2020 04:32:37 GMT" time="11.693" errors="0">
  <testcase name="flightDetailsPage" time="1.883" classname="com.newtours.BookFlightTest"/>
  <testcase name="registrationConfirmationPage" time="0.257" classname="com.newtours.BookFlightTest"/>
  <testcase name="findFlightPage" time="0.582" classname="com.newtours.BookFlightTest"/>
  <testcase name="registrationPage" time="8.558" classname="com.newtours.BookFlightTest"/>
  <testcase name="flightConfirmationPage" time="0.413" classname="com.newtours.BookFlightTest"/>
</testsuite> <!-- com.newtours.BookFlightTest -->
